[1;34m[13:01:50]Available extensions:[1;34m[0m
[1;34m[13:01:50]	VK_KHR_surface[1;34m[0m
[1;34m[13:01:50]	VK_KHR_win32_surface[1;34m[0m
[1;34m[13:01:50]	VK_KHR_external_memory_capabilities[1;34m[0m
[1;34m[13:01:50]	VK_KHR_external_semaphore_capabilities[1;34m[0m
[1;34m[13:01:50]	VK_KHR_external_fence_capabilities[1;34m[0m
[1;34m[13:01:50]	VK_KHR_get_physical_device_properties2[1;34m[0m
[1;34m[13:01:50]	VK_KHR_get_surface_capabilities2[1;34m[0m
[1;34m[13:01:50]	VK_KHR_device_group_creation[1;34m[0m
[1;34m[13:01:50]	VK_EXT_swapchain_colorspace[1;34m[0m
[1;34m[13:01:50]	VK_EXT_debug_report[1;34m[0m
[1;34m[13:01:50]	VK_EXT_debug_utils[1;34m[0m
[1;34m[13:01:50]	VK_KHR_portability_enumeration[1;34m[0m
[1;34m[13:01:50]	VK_LUNARG_direct_driver_loading[1;34m[0m
[1;33m[13:01:50]TinyObj Warning: Material file [ viking_room.mtl ] not found in a path : 
Failed to load material file(s). Use default material.
material [ 'Texture1' ] not found in .mtl
[1;33m[0m
[1;34m[13:02:24] Available extensions:[1;34m[0m
[1;34m[13:02:24] 	VK_KHR_surface[1;34m[0m
[1;34m[13:02:24] 	VK_KHR_win32_surface[1;34m[0m
[1;34m[13:02:24] 	VK_KHR_external_memory_capabilities[1;34m[0m
[1;34m[13:02:24] 	VK_KHR_external_semaphore_capabilities[1;34m[0m
[1;34m[13:02:24] 	VK_KHR_external_fence_capabilities[1;34m[0m
[1;34m[13:02:24] 	VK_KHR_get_physical_device_properties2[1;34m[0m
[1;34m[13:02:24] 	VK_KHR_get_surface_capabilities2[1;34m[0m
[1;34m[13:02:24] 	VK_KHR_device_group_creation[1;34m[0m
[1;34m[13:02:24] 	VK_EXT_swapchain_colorspace[1;34m[0m
[1;34m[13:02:24] 	VK_EXT_debug_report[1;34m[0m
[1;34m[13:02:24] 	VK_EXT_debug_utils[1;34m[0m
[1;34m[13:02:24] 	VK_KHR_portability_enumeration[1;34m[0m
[1;34m[13:02:24] 	VK_LUNARG_direct_driver_loading[1;34m[0m
[1;33m[13:02:25] TinyObj Warning: Material file [ viking_room.mtl ] not found in a path : 
Failed to load material file(s). Use default material.
material [ 'Texture1' ] not found in .mtl
[1;33m[0m
[1;34m[13:02:59][1;34m Available extensions:[0m
[1;34m[13:02:59][1;34m 	VK_KHR_surface[0m
[1;34m[13:02:59][1;34m 	VK_KHR_win32_surface[0m
[1;34m[13:02:59][1;34m 	VK_KHR_external_memory_capabilities[0m
[1;34m[13:02:59][1;34m 	VK_KHR_external_semaphore_capabilities[0m
[1;34m[13:02:59][1;34m 	VK_KHR_external_fence_capabilities[0m
[1;34m[13:02:59][1;34m 	VK_KHR_get_physical_device_properties2[0m
[1;34m[13:02:59][1;34m 	VK_KHR_get_surface_capabilities2[0m
[1;34m[13:02:59][1;34m 	VK_KHR_device_group_creation[0m
[1;34m[13:02:59][1;34m 	VK_EXT_swapchain_colorspace[0m
[1;34m[13:02:59][1;34m 	VK_EXT_debug_report[0m
[1;34m[13:02:59][1;34m 	VK_EXT_debug_utils[0m
[1;34m[13:02:59][1;34m 	VK_KHR_portability_enumeration[0m
[1;34m[13:02:59][1;34m 	VK_LUNARG_direct_driver_loading[0m
[1;33m[13:02:59][1;33m TinyObj Warning: Material file [ viking_room.mtl ] not found in a path : 
Failed to load material file(s). Use default material.
material [ 'Texture1' ] not found in .mtl
[0m
[1;34m[13:04:03][0m Available extensions:[0m
[1;34m[13:04:03][0m 	VK_KHR_surface[0m
[1;34m[13:04:03][0m 	VK_KHR_win32_surface[0m
[1;34m[13:04:03][0m 	VK_KHR_external_memory_capabilities[0m
[1;34m[13:04:03][0m 	VK_KHR_external_semaphore_capabilities[0m
[1;34m[13:04:03][0m 	VK_KHR_external_fence_capabilities[0m
[1;34m[13:04:03][0m 	VK_KHR_get_physical_device_properties2[0m
[1;34m[13:04:03][0m 	VK_KHR_get_surface_capabilities2[0m
[1;34m[13:04:03][0m 	VK_KHR_device_group_creation[0m
[1;34m[13:04:03][0m 	VK_EXT_swapchain_colorspace[0m
[1;34m[13:04:03][0m 	VK_EXT_debug_report[0m
[1;34m[13:04:03][0m 	VK_EXT_debug_utils[0m
[1;34m[13:04:03][0m 	VK_KHR_portability_enumeration[0m
[1;34m[13:04:03][0m 	VK_LUNARG_direct_driver_loading[0m
[1;33m[13:04:04][0m TinyObj Warning: Material file [ viking_room.mtl ] not found in a path : 
Failed to load material file(s). Use default material.
material [ 'Texture1' ] not found in .mtl
[0m
[1;34m[13:08:15][0m Available extensions:[0m
[1;34m[13:08:15][0m 	VK_KHR_surface[0m
[1;34m[13:08:15][0m 	VK_KHR_win32_surface[0m
[1;34m[13:08:15][0m 	VK_KHR_external_memory_capabilities[0m
[1;34m[13:08:15][0m 	VK_KHR_external_semaphore_capabilities[0m
[1;34m[13:08:15][0m 	VK_KHR_external_fence_capabilities[0m
[1;34m[13:08:15][0m 	VK_KHR_get_physical_device_properties2[0m
[1;34m[13:08:15][0m 	VK_KHR_get_surface_capabilities2[0m
[1;34m[13:08:15][0m 	VK_KHR_device_group_creation[0m
[1;34m[13:08:15][0m 	VK_EXT_swapchain_colorspace[0m
[1;34m[13:08:15][0m 	VK_EXT_debug_report[0m
[1;34m[13:08:15][0m 	VK_EXT_debug_utils[0m
[1;34m[13:08:15][0m 	VK_KHR_portability_enumeration[0m
[1;34m[13:08:15][0m 	VK_LUNARG_direct_driver_loading[0m
[1;33m[13:08:16][0m TinyObj Warning: Material file [ viking_room.mtl ] not found in a path : 
Failed to load material file(s). Use default material.
material [ 'Texture1' ] not found in .mtl
[0m
[1;34m[13:21:29][0m Available extensions:[0m
[1;34m[13:21:29][0m 	VK_KHR_surface[0m
[1;34m[13:21:29][0m 	VK_KHR_win32_surface[0m
[1;34m[13:21:29][0m 	VK_KHR_external_memory_capabilities[0m
[1;34m[13:21:29][0m 	VK_KHR_external_semaphore_capabilities[0m
[1;34m[13:21:29][0m 	VK_KHR_external_fence_capabilities[0m
[1;34m[13:21:29][0m 	VK_KHR_get_physical_device_properties2[0m
[1;34m[13:21:29][0m 	VK_KHR_get_surface_capabilities2[0m
[1;34m[13:21:29][0m 	VK_KHR_device_group_creation[0m
[1;34m[13:21:29][0m 	VK_EXT_swapchain_colorspace[0m
[1;34m[13:21:29][0m 	VK_EXT_debug_report[0m
[1;34m[13:21:29][0m 	VK_EXT_debug_utils[0m
[1;34m[13:21:29][0m 	VK_KHR_portability_enumeration[0m
[1;34m[13:21:29][0m 	VK_LUNARG_direct_driver_loading[0m
[1;33m[13:21:30][0m TinyObj Warning: Material file [ viking_room.mtl ] not found in a path : 
Failed to load material file(s). Use default material.
material [ 'Texture1' ] not found in .mtl
[0m
[1;34m[13:27:09][0m Available extensions:[0m
[1;34m[13:27:09][0m 	VK_KHR_surface[0m
[1;34m[13:27:09][0m 	VK_KHR_win32_surface[0m
[1;34m[13:27:09][0m 	VK_KHR_external_memory_capabilities[0m
[1;34m[13:27:09][0m 	VK_KHR_external_semaphore_capabilities[0m
[1;34m[13:27:09][0m 	VK_KHR_external_fence_capabilities[0m
[1;34m[13:27:09][0m 	VK_KHR_get_physical_device_properties2[0m
[1;34m[13:27:09][0m 	VK_KHR_get_surface_capabilities2[0m
[1;34m[13:27:09][0m 	VK_KHR_device_group_creation[0m
[1;34m[13:27:09][0m 	VK_EXT_swapchain_colorspace[0m
[1;34m[13:27:09][0m 	VK_EXT_debug_report[0m
[1;34m[13:27:09][0m 	VK_EXT_debug_utils[0m
[1;34m[13:27:09][0m 	VK_KHR_portability_enumeration[0m
[1;34m[13:27:09][0m 	VK_LUNARG_direct_driver_loading[0m
[1;33m[13:27:09][0m TinyObj Warning: Material file [ viking_room.mtl ] not found in a path : 
Failed to load material file(s). Use default material.
material [ 'Texture1' ] not found in .mtl
[0m
[1;34m[13:28:25][0m Available extensions:[0m
[1;34m[13:28:25][0m 	VK_EXT_debug_report[0m
[1;34m[13:28:25][0m 	VK_EXT_debug_utils[0m
[1;34m[13:28:25][0m 	VK_EXT_swapchain_colorspace[0m
[1;34m[13:28:25][0m 	VK_KHR_device_group_creation[0m
[1;34m[13:28:25][0m 	VK_KHR_external_fence_capabilities[0m
[1;34m[13:28:25][0m 	VK_KHR_external_memory_capabilities[0m
[1;34m[13:28:25][0m 	VK_KHR_external_semaphore_capabilities[0m
[1;34m[13:28:25][0m 	VK_KHR_get_physical_device_properties2[0m
[1;34m[13:28:25][0m 	VK_KHR_get_surface_capabilities2[0m
[1;34m[13:28:25][0m 	VK_KHR_surface[0m
[1;34m[13:28:25][0m 	VK_KHR_win32_surface[0m
[1;34m[13:28:25][0m 	VK_EXT_debug_utils[0m
[1;33m[13:28:26][0m TinyObj Warning: Material file [ viking_room.mtl ] not found in a path : 
Failed to load material file(s). Use default material.
material [ 'Texture1' ] not found in .mtl
[0m
[1;34m[13:29:31][0m Available extensions:[0m
[1;34m[13:29:31][0m 	VK_KHR_surface[0m
[1;34m[13:29:31][0m 	VK_KHR_win32_surface[0m
[1;34m[13:29:31][0m 	VK_KHR_external_memory_capabilities[0m
[1;34m[13:29:31][0m 	VK_KHR_external_semaphore_capabilities[0m
[1;34m[13:29:31][0m 	VK_KHR_external_fence_capabilities[0m
[1;34m[13:29:31][0m 	VK_KHR_get_physical_device_properties2[0m
[1;34m[13:29:31][0m 	VK_KHR_get_surface_capabilities2[0m
[1;34m[13:29:31][0m 	VK_KHR_device_group_creation[0m
[1;34m[13:29:31][0m 	VK_EXT_swapchain_colorspace[0m
[1;34m[13:29:31][0m 	VK_EXT_debug_report[0m
[1;34m[13:29:31][0m 	VK_EXT_debug_utils[0m
[1;34m[13:29:31][0m 	VK_KHR_portability_enumeration[0m
[1;34m[13:29:31][0m 	VK_LUNARG_direct_driver_loading[0m
[1;33m[13:29:34][0m TinyObj Warning: Material file [ viking_room.mtl ] not found in a path : 
Failed to load material file(s). Use default material.
material [ 'Texture1' ] not found in .mtl
[0m
[1;34m[13:37:13][0m Available extensions:[0m
[1;34m[13:37:13][0m 	VK_KHR_surface[0m
[1;34m[13:37:13][0m 	VK_KHR_win32_surface[0m
[1;34m[13:37:13][0m 	VK_KHR_external_memory_capabilities[0m
[1;34m[13:37:13][0m 	VK_KHR_external_semaphore_capabilities[0m
[1;34m[13:37:13][0m 	VK_KHR_external_fence_capabilities[0m
[1;34m[13:37:13][0m 	VK_KHR_get_physical_device_properties2[0m
[1;34m[13:37:13][0m 	VK_KHR_get_surface_capabilities2[0m
[1;34m[13:37:13][0m 	VK_KHR_device_group_creation[0m
[1;34m[13:37:13][0m 	VK_EXT_swapchain_colorspace[0m
[1;34m[13:37:13][0m 	VK_EXT_debug_report[0m
[1;34m[13:37:13][0m 	VK_EXT_debug_utils[0m
[1;34m[13:37:13][0m 	VK_KHR_portability_enumeration[0m
[1;34m[13:37:13][0m 	VK_LUNARG_direct_driver_loading[0m
[1;33m[13:37:13][0m TinyObj Warning: Material file [ viking_room.mtl ] not found in a path : 
Failed to load material file(s). Use default material.
material [ 'Texture1' ] not found in .mtl
[0m
[1;34m[13:38:19][0m Available extensions:[0m
[1;34m[13:38:19][0m 	VK_KHR_surface[0m
[1;34m[13:38:19][0m 	VK_KHR_win32_surface[0m
[1;34m[13:38:19][0m 	VK_KHR_external_memory_capabilities[0m
[1;34m[13:38:19][0m 	VK_KHR_external_semaphore_capabilities[0m
[1;34m[13:38:19][0m 	VK_KHR_external_fence_capabilities[0m
[1;34m[13:38:19][0m 	VK_KHR_get_physical_device_properties2[0m
[1;34m[13:38:19][0m 	VK_KHR_get_surface_capabilities2[0m
[1;34m[13:38:19][0m 	VK_KHR_device_group_creation[0m
[1;34m[13:38:19][0m 	VK_EXT_swapchain_colorspace[0m
[1;34m[13:38:19][0m 	VK_EXT_debug_report[0m
[1;34m[13:38:19][0m 	VK_EXT_debug_utils[0m
[1;34m[13:38:19][0m 	VK_KHR_portability_enumeration[0m
[1;34m[13:38:19][0m 	VK_LUNARG_direct_driver_loading[0m
[1;33m[13:38:19][0m TinyObj Warning: Material file [ viking_room.mtl ] not found in a path : 
Failed to load material file(s). Use default material.
material [ 'Texture1' ] not found in .mtl
[0m
[1;34m[13:40:40][0m Available extensions:[0m
[1;34m[13:40:40][0m 	VK_KHR_surface[0m
[1;34m[13:40:40][0m 	VK_KHR_win32_surface[0m
[1;34m[13:40:40][0m 	VK_KHR_external_memory_capabilities[0m
[1;34m[13:40:40][0m 	VK_KHR_external_semaphore_capabilities[0m
[1;34m[13:40:40][0m 	VK_KHR_external_fence_capabilities[0m
[1;34m[13:40:40][0m 	VK_KHR_get_physical_device_properties2[0m
[1;34m[13:40:40][0m 	VK_KHR_get_surface_capabilities2[0m
[1;34m[13:40:40][0m 	VK_KHR_device_group_creation[0m
[1;34m[13:40:40][0m 	VK_EXT_swapchain_colorspace[0m
[1;34m[13:40:40][0m 	VK_EXT_debug_report[0m
[1;34m[13:40:40][0m 	VK_EXT_debug_utils[0m
[1;34m[13:40:40][0m 	VK_KHR_portability_enumeration[0m
[1;34m[13:40:40][0m 	VK_LUNARG_direct_driver_loading[0m
[1;33m[13:40:40][0m TinyObj Warning: Material file [ Pagoda.mtl ] not found in a path : 
Failed to load material file(s). Use default material.
material [ 'lambert2SG' ] not found in .mtl
[0m
[1;34m[13:41:23][0m Available extensions:[0m
[1;34m[13:41:23][0m 	VK_KHR_surface[0m
[1;34m[13:41:23][0m 	VK_KHR_win32_surface[0m
[1;34m[13:41:23][0m 	VK_KHR_external_memory_capabilities[0m
[1;34m[13:41:23][0m 	VK_KHR_external_semaphore_capabilities[0m
[1;34m[13:41:23][0m 	VK_KHR_external_fence_capabilities[0m
[1;34m[13:41:23][0m 	VK_KHR_get_physical_device_properties2[0m
[1;34m[13:41:23][0m 	VK_KHR_get_surface_capabilities2[0m
[1;34m[13:41:23][0m 	VK_KHR_device_group_creation[0m
[1;34m[13:41:23][0m 	VK_EXT_swapchain_colorspace[0m
[1;34m[13:41:23][0m 	VK_EXT_debug_report[0m
[1;34m[13:41:23][0m 	VK_EXT_debug_utils[0m
[1;34m[13:41:23][0m 	VK_KHR_portability_enumeration[0m
[1;34m[13:41:23][0m 	VK_LUNARG_direct_driver_loading[0m
[1;33m[13:41:23][0m TinyObj Warning: Material file [ Pagoda.mtl ] not found in a path : 
Failed to load material file(s). Use default material.
material [ 'lambert2SG' ] not found in .mtl
[0m
[1;34m[13:42:06][0m Available extensions:[0m
[1;34m[13:42:06][0m 	VK_KHR_surface[0m
[1;34m[13:42:06][0m 	VK_KHR_win32_surface[0m
[1;34m[13:42:06][0m 	VK_KHR_external_memory_capabilities[0m
[1;34m[13:42:06][0m 	VK_KHR_external_semaphore_capabilities[0m
[1;34m[13:42:06][0m 	VK_KHR_external_fence_capabilities[0m
[1;34m[13:42:06][0m 	VK_KHR_get_physical_device_properties2[0m
[1;34m[13:42:06][0m 	VK_KHR_get_surface_capabilities2[0m
[1;34m[13:42:06][0m 	VK_KHR_device_group_creation[0m
[1;34m[13:42:06][0m 	VK_EXT_swapchain_colorspace[0m
[1;34m[13:42:06][0m 	VK_EXT_debug_report[0m
[1;34m[13:42:06][0m 	VK_EXT_debug_utils[0m
[1;34m[13:42:06][0m 	VK_KHR_portability_enumeration[0m
[1;34m[13:42:06][0m 	VK_LUNARG_direct_driver_loading[0m
[1;33m[13:42:07][0m TinyObj Warning: Material file [ viking_room.mtl ] not found in a path : 
Failed to load material file(s). Use default material.
material [ 'Texture1' ] not found in .mtl
[0m
[1;34m[14:00:40][0m Available extensions:[0m
[1;34m[14:00:40][0m 	VK_KHR_surface[0m
[1;34m[14:00:40][0m 	VK_KHR_win32_surface[0m
[1;34m[14:00:40][0m 	VK_KHR_external_memory_capabilities[0m
[1;34m[14:00:40][0m 	VK_KHR_external_semaphore_capabilities[0m
[1;34m[14:00:40][0m 	VK_KHR_external_fence_capabilities[0m
[1;34m[14:00:40][0m 	VK_KHR_get_physical_device_properties2[0m
[1;34m[14:00:40][0m 	VK_KHR_get_surface_capabilities2[0m
[1;34m[14:00:40][0m 	VK_KHR_device_group_creation[0m
[1;34m[14:00:40][0m 	VK_EXT_swapchain_colorspace[0m
[1;34m[14:00:40][0m 	VK_EXT_debug_report[0m
[1;34m[14:00:40][0m 	VK_EXT_debug_utils[0m
[1;34m[14:00:40][0m 	VK_KHR_portability_enumeration[0m
[1;34m[14:00:40][0m 	VK_LUNARG_direct_driver_loading[0m
[1;33m[14:00:41][0m TinyObj Warning: Material file [ viking_room.mtl ] not found in a path : 
Failed to load material file(s). Use default material.
material [ 'Texture1' ] not found in .mtl
[0m
[1;34m[14:01:01][0m Available extensions:[0m
[1;34m[14:01:01][0m 	VK_EXT_debug_report[0m
[1;34m[14:01:01][0m 	VK_EXT_debug_utils[0m
[1;34m[14:01:01][0m 	VK_EXT_swapchain_colorspace[0m
[1;34m[14:01:01][0m 	VK_KHR_device_group_creation[0m
[1;34m[14:01:01][0m 	VK_KHR_external_fence_capabilities[0m
[1;34m[14:01:01][0m 	VK_KHR_external_memory_capabilities[0m
[1;34m[14:01:01][0m 	VK_KHR_external_semaphore_capabilities[0m
[1;34m[14:01:01][0m 	VK_KHR_get_physical_device_properties2[0m
[1;34m[14:01:01][0m 	VK_KHR_get_surface_capabilities2[0m
[1;34m[14:01:01][0m 	VK_KHR_surface[0m
[1;34m[14:01:01][0m 	VK_KHR_win32_surface[0m
[1;34m[14:01:01][0m 	VK_EXT_debug_utils[0m
[1;33m[14:01:02][0m TinyObj Warning: Material file [ viking_room.mtl ] not found in a path : 
Failed to load material file(s). Use default material.
material [ 'Texture1' ] not found in .mtl
[0m
[1;34m[14:01:40][0m Available extensions:[0m
[1;34m[14:01:40][0m 	VK_KHR_surface[0m
[1;34m[14:01:40][0m 	VK_KHR_win32_surface[0m
[1;34m[14:01:40][0m 	VK_KHR_external_memory_capabilities[0m
[1;34m[14:01:40][0m 	VK_KHR_external_semaphore_capabilities[0m
[1;34m[14:01:40][0m 	VK_KHR_external_fence_capabilities[0m
[1;34m[14:01:40][0m 	VK_KHR_get_physical_device_properties2[0m
[1;34m[14:01:40][0m 	VK_KHR_get_surface_capabilities2[0m
[1;34m[14:01:40][0m 	VK_KHR_device_group_creation[0m
[1;34m[14:01:40][0m 	VK_EXT_swapchain_colorspace[0m
[1;34m[14:01:40][0m 	VK_EXT_debug_report[0m
[1;34m[14:01:40][0m 	VK_EXT_debug_utils[0m
[1;34m[14:01:40][0m 	VK_KHR_portability_enumeration[0m
[1;34m[14:01:40][0m 	VK_LUNARG_direct_driver_loading[0m
[1;33m[14:01:40][0m TinyObj Warning: Material file [ viking_room.mtl ] not found in a path : 
Failed to load material file(s). Use default material.
material [ 'Texture1' ] not found in .mtl
[0m
[1;34m[14:02:11][0m Available extensions:[0m
[1;34m[14:02:11][0m 	VK_KHR_surface[0m
[1;34m[14:02:11][0m 	VK_KHR_win32_surface[0m
[1;34m[14:02:11][0m 	VK_KHR_external_memory_capabilities[0m
[1;34m[14:02:11][0m 	VK_KHR_external_semaphore_capabilities[0m
[1;34m[14:02:11][0m 	VK_KHR_external_fence_capabilities[0m
[1;34m[14:02:11][0m 	VK_KHR_get_physical_device_properties2[0m
[1;34m[14:02:11][0m 	VK_KHR_get_surface_capabilities2[0m
[1;34m[14:02:11][0m 	VK_KHR_device_group_creation[0m
[1;34m[14:02:11][0m 	VK_EXT_swapchain_colorspace[0m
[1;34m[14:02:11][0m 	VK_EXT_debug_report[0m
[1;34m[14:02:11][0m 	VK_EXT_debug_utils[0m
[1;34m[14:02:11][0m 	VK_KHR_portability_enumeration[0m
[1;34m[14:02:11][0m 	VK_LUNARG_direct_driver_loading[0m
[1;33m[14:02:12][0m TinyObj Warning: Material file [ viking_room.mtl ] not found in a path : 
Failed to load material file(s). Use default material.
material [ 'Texture1' ] not found in .mtl
[0m
[1;31m[14:02:12][0m InputLayout stride is 0![0m
[1;34m[14:05:04][0m Available extensions:[0m
[1;34m[14:05:04][0m 	VK_KHR_surface[0m
[1;34m[14:05:04][0m 	VK_KHR_win32_surface[0m
[1;34m[14:05:04][0m 	VK_KHR_external_memory_capabilities[0m
[1;34m[14:05:04][0m 	VK_KHR_external_semaphore_capabilities[0m
[1;34m[14:05:04][0m 	VK_KHR_external_fence_capabilities[0m
[1;34m[14:05:04][0m 	VK_KHR_get_physical_device_properties2[0m
[1;34m[14:05:04][0m 	VK_KHR_get_surface_capabilities2[0m
[1;34m[14:05:04][0m 	VK_KHR_device_group_creation[0m
[1;34m[14:05:04][0m 	VK_EXT_swapchain_colorspace[0m
[1;34m[14:05:04][0m 	VK_EXT_debug_report[0m
[1;34m[14:05:04][0m 	VK_EXT_debug_utils[0m
[1;34m[14:05:04][0m 	VK_KHR_portability_enumeration[0m
[1;34m[14:05:04][0m 	VK_LUNARG_direct_driver_loading[0m
[1;33m[14:05:06][0m TinyObj Warning: Material file [ viking_room.mtl ] not found in a path : 
Failed to load material file(s). Use default material.
material [ 'Texture1' ] not found in .mtl
[0m
[1;31m[14:05:06][0m InputLayout stride is 0![0m
[1;34m[14:05:42][0m Available extensions:[0m
[1;34m[14:05:42][0m 	VK_KHR_surface[0m
[1;34m[14:05:42][0m 	VK_KHR_win32_surface[0m
[1;34m[14:05:42][0m 	VK_KHR_external_memory_capabilities[0m
[1;34m[14:05:42][0m 	VK_KHR_external_semaphore_capabilities[0m
[1;34m[14:05:42][0m 	VK_KHR_external_fence_capabilities[0m
[1;34m[14:05:42][0m 	VK_KHR_get_physical_device_properties2[0m
[1;34m[14:05:42][0m 	VK_KHR_get_surface_capabilities2[0m
[1;34m[14:05:42][0m 	VK_KHR_device_group_creation[0m
[1;34m[14:05:42][0m 	VK_EXT_swapchain_colorspace[0m
[1;34m[14:05:42][0m 	VK_EXT_debug_report[0m
[1;34m[14:05:42][0m 	VK_EXT_debug_utils[0m
[1;34m[14:05:42][0m 	VK_KHR_portability_enumeration[0m
[1;34m[14:05:42][0m 	VK_LUNARG_direct_driver_loading[0m
[1;33m[14:05:43][0m TinyObj Warning: Material file [ viking_room.mtl ] not found in a path : 
Failed to load material file(s). Use default material.
material [ 'Texture1' ] not found in .mtl
[0m
[1;34m[14:14:32][0m Available extensions:[0m
[1;34m[14:14:32][0m 	VK_KHR_surface[0m
[1;34m[14:14:32][0m 	VK_KHR_win32_surface[0m
[1;34m[14:14:32][0m 	VK_KHR_external_memory_capabilities[0m
[1;34m[14:14:32][0m 	VK_KHR_external_semaphore_capabilities[0m
[1;34m[14:14:32][0m 	VK_KHR_external_fence_capabilities[0m
[1;34m[14:14:32][0m 	VK_KHR_get_physical_device_properties2[0m
[1;34m[14:14:32][0m 	VK_KHR_get_surface_capabilities2[0m
[1;34m[14:14:32][0m 	VK_KHR_device_group_creation[0m
[1;34m[14:14:32][0m 	VK_EXT_swapchain_colorspace[0m
[1;34m[14:14:32][0m 	VK_EXT_debug_report[0m
[1;34m[14:14:32][0m 	VK_EXT_debug_utils[0m
[1;34m[14:14:32][0m 	VK_KHR_portability_enumeration[0m
[1;34m[14:14:32][0m 	VK_LUNARG_direct_driver_loading[0m
[1;33m[14:14:32][0m TinyObj Warning: Material file [ viking_room.mtl ] not found in a path : 
Failed to load material file(s). Use default material.
material [ 'Texture1' ] not found in .mtl
[0m
[1;34m[14:14:52][0m Available extensions:[0m
[1;34m[14:14:52][0m 	VK_KHR_surface[0m
[1;34m[14:14:52][0m 	VK_KHR_win32_surface[0m
[1;34m[14:14:52][0m 	VK_KHR_external_memory_capabilities[0m
[1;34m[14:14:52][0m 	VK_KHR_external_semaphore_capabilities[0m
[1;34m[14:14:52][0m 	VK_KHR_external_fence_capabilities[0m
[1;34m[14:14:52][0m 	VK_KHR_get_physical_device_properties2[0m
[1;34m[14:14:52][0m 	VK_KHR_get_surface_capabilities2[0m
[1;34m[14:14:52][0m 	VK_KHR_device_group_creation[0m
[1;34m[14:14:52][0m 	VK_EXT_swapchain_colorspace[0m
[1;34m[14:14:52][0m 	VK_EXT_debug_report[0m
[1;34m[14:14:52][0m 	VK_EXT_debug_utils[0m
[1;34m[14:14:52][0m 	VK_KHR_portability_enumeration[0m
[1;34m[14:14:52][0m 	VK_LUNARG_direct_driver_loading[0m
[1;33m[14:14:52][0m TinyObj Warning: Material file [ viking_room.mtl ] not found in a path : 
Failed to load material file(s). Use default material.
material [ 'Texture1' ] not found in .mtl
[0m
[1;34m[21:27:03][0m Available extensions:[0m
[1;34m[21:27:03][0m 	VK_KHR_surface[0m
[1;34m[21:27:03][0m 	VK_KHR_win32_surface[0m
[1;34m[21:27:03][0m 	VK_KHR_external_memory_capabilities[0m
[1;34m[21:27:03][0m 	VK_KHR_external_semaphore_capabilities[0m
[1;34m[21:27:03][0m 	VK_KHR_external_fence_capabilities[0m
[1;34m[21:27:03][0m 	VK_KHR_get_physical_device_properties2[0m
[1;34m[21:27:03][0m 	VK_KHR_get_surface_capabilities2[0m
[1;34m[21:27:03][0m 	VK_KHR_device_group_creation[0m
[1;34m[21:27:03][0m 	VK_EXT_swapchain_colorspace[0m
[1;34m[21:27:03][0m 	VK_EXT_debug_report[0m
[1;34m[21:27:03][0m 	VK_EXT_debug_utils[0m
[1;34m[21:27:03][0m 	VK_KHR_portability_enumeration[0m
[1;34m[21:27:03][0m 	VK_LUNARG_direct_driver_loading[0m
[1;33m[21:27:03][0m TinyObj Warning: Material file [ viking_room.mtl ] not found in a path : 
Failed to load material file(s). Use default material.
material [ 'Texture1' ] not found in .mtl
[0m
